2025-09-15 17:50:10,967 DEBUG    root            Loaded Command Group: ['gcloud', 'components']
2025-09-15 17:50:10,971 DEBUG    root            Loaded Command Group: ['gcloud', 'components', 'update']
2025-09-15 17:50:10,972 DEBUG    root            Running [gcloud.components.update] with arguments: [--compile-python: "True", --quiet: "True", COMPONENT-IDS:6: "['core', 'gcloud-deps', 'bq', 'gcloud', 'gcloud-crc32c', 'gsutil']"]
2025-09-15 17:50:10,973 INFO     ___FILE_ONLY___ Beginning update. This process may take several minutes.

2025-09-15 17:50:11,007 DEBUG    urllib3.connectionpool Starting new HTTPS connection (1): dl.google.com:443
2025-09-15 17:50:11,022 DEBUG    urllib3.connectionpool https://dl.google.com:443 "GET /dl/cloudsdk/channels/rapid/components-2.json HTTP/11" 200 233150
2025-09-15 17:50:11,037 INFO     ___FILE_ONLY___ 

2025-09-15 17:50:11,038 INFO     ___FILE_ONLY___ 
Your current Google Cloud CLI version is: 538.0.0

2025-09-15 17:50:11,038 INFO     ___FILE_ONLY___ Installing components from version: 538.0.0

2025-09-15 17:50:11,038 INFO     ___FILE_ONLY___ 

2025-09-15 17:50:11,038 DEBUG    root            Chosen display Format:table[box,title="These components will be removed."](details.display_name:label=Name:align=left,version.version_string:label=Version:align=right,data.size.size(zero="",min=1048576):label=Size:align=right)
2025-09-15 17:50:11,039 DEBUG    root            Chosen display Format:table[box,title="These components will be updated."](details.display_name:label=Name:align=left,version.version_string:label=Version:align=right,data.size.size(zero="",min=1048576):label=Size:align=right)
2025-09-15 17:50:11,039 DEBUG    root            Chosen display Format:table[box,title="These components will be installed."](details.display_name:label=Name:align=left,version.version_string:label=Version:align=right,data.size.size(zero="",min=1048576):label=Size:align=right)
2025-09-15 17:50:11,078 INFO     ___FILE_ONLY___ ┌─────────────────────────────────────────────────────────────────────────────┐
2025-09-15 17:50:11,079 INFO     ___FILE_ONLY___ 

2025-09-15 17:50:11,079 INFO     ___FILE_ONLY___ │                     These components will be installed.                     │
2025-09-15 17:50:11,079 INFO     ___FILE_ONLY___ 

2025-09-15 17:50:11,079 INFO     ___FILE_ONLY___ ├─────────────────────────────────────────────────────┬────────────┬──────────┤
2025-09-15 17:50:11,079 INFO     ___FILE_ONLY___ 

2025-09-15 17:50:11,079 INFO     ___FILE_ONLY___ │                         Name                        │  Version   │   Size   │
2025-09-15 17:50:11,079 INFO     ___FILE_ONLY___ 

2025-09-15 17:50:11,080 INFO     ___FILE_ONLY___ ├─────────────────────────────────────────────────────┼────────────┼──────────┤
2025-09-15 17:50:11,080 INFO     ___FILE_ONLY___ 

2025-09-15 17:50:11,080 INFO     ___FILE_ONLY___ │ 
2025-09-15 17:50:11,080 INFO     ___FILE_ONLY___ BigQuery Command Line Tool                         
2025-09-15 17:50:11,080 INFO     ___FILE_ONLY___  
2025-09-15 17:50:11,080 INFO     ___FILE_ONLY___ │ 
2025-09-15 17:50:11,080 INFO     ___FILE_ONLY___     2.1.23
2025-09-15 17:50:11,080 INFO     ___FILE_ONLY___  
2025-09-15 17:50:11,080 INFO     ___FILE_ONLY___ │ 
2025-09-15 17:50:11,080 INFO     ___FILE_ONLY___  1.8 MiB
2025-09-15 17:50:11,080 INFO     ___FILE_ONLY___  
2025-09-15 17:50:11,080 INFO     ___FILE_ONLY___ │
2025-09-15 17:50:11,080 INFO     ___FILE_ONLY___ 

2025-09-15 17:50:11,080 INFO     ___FILE_ONLY___ │ 
2025-09-15 17:50:11,080 INFO     ___FILE_ONLY___ BigQuery Command Line Tool (Platform Specific)     
2025-09-15 17:50:11,080 INFO     ___FILE_ONLY___  
2025-09-15 17:50:11,080 INFO     ___FILE_ONLY___ │ 
2025-09-15 17:50:11,080 INFO     ___FILE_ONLY___     2.1.17
2025-09-15 17:50:11,080 INFO     ___FILE_ONLY___  
2025-09-15 17:50:11,081 INFO     ___FILE_ONLY___ │ 
2025-09-15 17:50:11,081 INFO     ___FILE_ONLY___  < 1 MiB
2025-09-15 17:50:11,081 INFO     ___FILE_ONLY___  
2025-09-15 17:50:11,081 INFO     ___FILE_ONLY___ │
2025-09-15 17:50:11,081 INFO     ___FILE_ONLY___ 

2025-09-15 17:50:11,081 INFO     ___FILE_ONLY___ │ 
2025-09-15 17:50:11,081 INFO     ___FILE_ONLY___ Bundled Python 3.12 (Platform Specific)            
2025-09-15 17:50:11,081 INFO     ___FILE_ONLY___  
2025-09-15 17:50:11,081 INFO     ___FILE_ONLY___ │ 
2025-09-15 17:50:11,081 INFO     ___FILE_ONLY___     3.12.9
2025-09-15 17:50:11,081 INFO     ___FILE_ONLY___  
2025-09-15 17:50:11,081 INFO     ___FILE_ONLY___ │ 
2025-09-15 17:50:11,081 INFO     ___FILE_ONLY___ 89.3 MiB
2025-09-15 17:50:11,081 INFO     ___FILE_ONLY___  
2025-09-15 17:50:11,081 INFO     ___FILE_ONLY___ │
2025-09-15 17:50:11,081 INFO     ___FILE_ONLY___ 

2025-09-15 17:50:11,081 INFO     ___FILE_ONLY___ │ 
2025-09-15 17:50:11,081 INFO     ___FILE_ONLY___ Cloud Storage Command Line Tool                    
2025-09-15 17:50:11,081 INFO     ___FILE_ONLY___  
2025-09-15 17:50:11,081 INFO     ___FILE_ONLY___ │ 
2025-09-15 17:50:11,082 INFO     ___FILE_ONLY___       5.35
2025-09-15 17:50:11,082 INFO     ___FILE_ONLY___  
2025-09-15 17:50:11,082 INFO     ___FILE_ONLY___ │ 
2025-09-15 17:50:11,082 INFO     ___FILE_ONLY___ 12.4 MiB
2025-09-15 17:50:11,082 INFO     ___FILE_ONLY___  
2025-09-15 17:50:11,082 INFO     ___FILE_ONLY___ │
2025-09-15 17:50:11,082 INFO     ___FILE_ONLY___ 

2025-09-15 17:50:11,082 INFO     ___FILE_ONLY___ │ 
2025-09-15 17:50:11,082 INFO     ___FILE_ONLY___ Cloud Storage Command Line Tool (Platform Specific)
2025-09-15 17:50:11,082 INFO     ___FILE_ONLY___  
2025-09-15 17:50:11,082 INFO     ___FILE_ONLY___ │ 
2025-09-15 17:50:11,082 INFO     ___FILE_ONLY___       5.34
2025-09-15 17:50:11,082 INFO     ___FILE_ONLY___  
2025-09-15 17:50:11,082 INFO     ___FILE_ONLY___ │ 
2025-09-15 17:50:11,082 INFO     ___FILE_ONLY___  < 1 MiB
2025-09-15 17:50:11,082 INFO     ___FILE_ONLY___  
2025-09-15 17:50:11,082 INFO     ___FILE_ONLY___ │
2025-09-15 17:50:11,082 INFO     ___FILE_ONLY___ 

2025-09-15 17:50:11,082 INFO     ___FILE_ONLY___ │ 
2025-09-15 17:50:11,082 INFO     ___FILE_ONLY___ Google Cloud CLI Core Libraries (Platform Specific)
2025-09-15 17:50:11,082 INFO     ___FILE_ONLY___  
2025-09-15 17:50:11,082 INFO     ___FILE_ONLY___ │ 
2025-09-15 17:50:11,083 INFO     ___FILE_ONLY___ 2025.05.23
2025-09-15 17:50:11,083 INFO     ___FILE_ONLY___  
2025-09-15 17:50:11,083 INFO     ___FILE_ONLY___ │ 
2025-09-15 17:50:11,083 INFO     ___FILE_ONLY___  < 1 MiB
2025-09-15 17:50:11,083 INFO     ___FILE_ONLY___  
2025-09-15 17:50:11,083 INFO     ___FILE_ONLY___ │
2025-09-15 17:50:11,083 INFO     ___FILE_ONLY___ 

2025-09-15 17:50:11,083 INFO     ___FILE_ONLY___ │ 
2025-09-15 17:50:11,083 INFO     ___FILE_ONLY___ Google Cloud CRC32C Hash Tool (Platform Specific)  
2025-09-15 17:50:11,083 INFO     ___FILE_ONLY___  
2025-09-15 17:50:11,083 INFO     ___FILE_ONLY___ │ 
2025-09-15 17:50:11,083 INFO     ___FILE_ONLY___      1.0.0
2025-09-15 17:50:11,083 INFO     ___FILE_ONLY___  
2025-09-15 17:50:11,083 INFO     ___FILE_ONLY___ │ 
2025-09-15 17:50:11,083 INFO     ___FILE_ONLY___  1.5 MiB
2025-09-15 17:50:11,083 INFO     ___FILE_ONLY___  
2025-09-15 17:50:11,083 INFO     ___FILE_ONLY___ │
2025-09-15 17:50:11,083 INFO     ___FILE_ONLY___ 

2025-09-15 17:50:11,083 INFO     ___FILE_ONLY___ │ 
2025-09-15 17:50:11,083 INFO     ___FILE_ONLY___ gcloud cli dependencies (Platform Specific)        
2025-09-15 17:50:11,084 INFO     ___FILE_ONLY___  
2025-09-15 17:50:11,084 INFO     ___FILE_ONLY___ │ 
2025-09-15 17:50:11,084 INFO     ___FILE_ONLY___ 2021.04.16
2025-09-15 17:50:11,084 INFO     ___FILE_ONLY___  
2025-09-15 17:50:11,084 INFO     ___FILE_ONLY___ │ 
2025-09-15 17:50:11,084 INFO     ___FILE_ONLY___  < 1 MiB
2025-09-15 17:50:11,084 INFO     ___FILE_ONLY___  
2025-09-15 17:50:11,084 INFO     ___FILE_ONLY___ │
2025-09-15 17:50:11,084 INFO     ___FILE_ONLY___ 

2025-09-15 17:50:11,084 INFO     ___FILE_ONLY___ └─────────────────────────────────────────────────────┴────────────┴──────────┘
2025-09-15 17:50:11,084 INFO     ___FILE_ONLY___ 

2025-09-15 17:50:11,084 INFO     ___FILE_ONLY___ 

2025-09-15 17:50:11,087 DEBUG    urllib3.connectionpool Starting new HTTPS connection (1): dl.google.com:443
2025-09-15 17:50:11,111 DEBUG    urllib3.connectionpool https://dl.google.com:443 "GET /dl/cloudsdk/channels/rapid/RELEASE_NOTES HTTP/11" 200 1478282
2025-09-15 17:50:11,610 INFO     ___FILE_ONLY___ For the latest full release notes, please visit:
  https://cloud.google.com/sdk/release_notes


2025-09-15 17:50:11,610 INFO     ___FILE_ONLY___ Performing in place update...


2025-09-15 17:50:11,612 INFO     ___FILE_ONLY___ ╔════════════════════════════════════════════════════════════╗

2025-09-15 17:50:11,613 INFO     ___FILE_ONLY___ ╠═ Downloading: BigQuery Command Line Tool                  ═╣

2025-09-15 17:50:11,613 INFO     ___FILE_ONLY___ ╚
2025-09-15 17:50:11,616 DEBUG    urllib3.connectionpool Starting new HTTPS connection (1): dl.google.com:443
2025-09-15 17:50:11,627 DEBUG    urllib3.connectionpool https://dl.google.com:443 "GET /dl/cloudsdk/channels/rapid/components/google-cloud-sdk-bq-20250905141229.tar.gz HTTP/11" 200 1860568
2025-09-15 17:50:11,639 INFO     ___FILE_ONLY___ ═
2025-09-15 17:50:11,639 INFO     ___FILE_ONLY___ ═
2025-09-15 17:50:11,639 INFO     ___FILE_ONLY___ ═
2025-09-15 17:50:11,639 INFO     ___FILE_ONLY___ ═
2025-09-15 17:50:11,639 INFO     ___FILE_ONLY___ ═
2025-09-15 17:50:11,640 INFO     ___FILE_ONLY___ ═
2025-09-15 17:50:11,640 INFO     ___FILE_ONLY___ ═
2025-09-15 17:50:11,640 INFO     ___FILE_ONLY___ ═
2025-09-15 17:50:11,640 INFO     ___FILE_ONLY___ ═
2025-09-15 17:50:11,640 INFO     ___FILE_ONLY___ ═
2025-09-15 17:50:11,640 INFO     ___FILE_ONLY___ ═
2025-09-15 17:50:11,640 INFO     ___FILE_ONLY___ ═
2025-09-15 17:50:11,640 INFO     ___FILE_ONLY___ ═
2025-09-15 17:50:11,640 INFO     ___FILE_ONLY___ ═
2025-09-15 17:50:11,640 INFO     ___FILE_ONLY___ ═
2025-09-15 17:50:11,640 INFO     ___FILE_ONLY___ ═
2025-09-15 17:50:11,641 INFO     ___FILE_ONLY___ ═
2025-09-15 17:50:11,641 INFO     ___FILE_ONLY___ ═
2025-09-15 17:50:11,641 INFO     ___FILE_ONLY___ ═
2025-09-15 17:50:11,641 INFO     ___FILE_ONLY___ ═
2025-09-15 17:50:11,641 INFO     ___FILE_ONLY___ ═
2025-09-15 17:50:11,641 INFO     ___FILE_ONLY___ ═
2025-09-15 17:50:11,641 INFO     ___FILE_ONLY___ ═
2025-09-15 17:50:11,641 INFO     ___FILE_ONLY___ ═
2025-09-15 17:50:11,641 INFO     ___FILE_ONLY___ ═
2025-09-15 17:50:11,641 INFO     ___FILE_ONLY___ ═
2025-09-15 17:50:11,641 INFO     ___FILE_ONLY___ ═
2025-09-15 17:50:11,642 INFO     ___FILE_ONLY___ ═
2025-09-15 17:50:11,642 INFO     ___FILE_ONLY___ ═
2025-09-15 17:50:11,642 INFO     ___FILE_ONLY___ ═
2025-09-15 17:50:11,642 INFO     ___FILE_ONLY___ ═
2025-09-15 17:50:11,642 INFO     ___FILE_ONLY___ ═
2025-09-15 17:50:11,642 INFO     ___FILE_ONLY___ ═
2025-09-15 17:50:11,642 INFO     ___FILE_ONLY___ ═
2025-09-15 17:50:11,642 INFO     ___FILE_ONLY___ ═
2025-09-15 17:50:11,642 INFO     ___FILE_ONLY___ ═
2025-09-15 17:50:11,642 INFO     ___FILE_ONLY___ ═
2025-09-15 17:50:11,642 INFO     ___FILE_ONLY___ ═
2025-09-15 17:50:11,643 INFO     ___FILE_ONLY___ ═
2025-09-15 17:50:11,643 INFO     ___FILE_ONLY___ ═
2025-09-15 17:50:11,643 INFO     ___FILE_ONLY___ ═
2025-09-15 17:50:11,643 INFO     ___FILE_ONLY___ ═
2025-09-15 17:50:11,643 INFO     ___FILE_ONLY___ ═
2025-09-15 17:50:11,643 INFO     ___FILE_ONLY___ ═
2025-09-15 17:50:11,643 INFO     ___FILE_ONLY___ ═
2025-09-15 17:50:11,643 INFO     ___FILE_ONLY___ ═
2025-09-15 17:50:11,643 INFO     ___FILE_ONLY___ ═
2025-09-15 17:50:11,643 INFO     ___FILE_ONLY___ ═
2025-09-15 17:50:11,644 INFO     ___FILE_ONLY___ ═
2025-09-15 17:50:11,644 INFO     ___FILE_ONLY___ ═
2025-09-15 17:50:11,644 INFO     ___FILE_ONLY___ ═
2025-09-15 17:50:11,644 INFO     ___FILE_ONLY___ ═
2025-09-15 17:50:11,644 INFO     ___FILE_ONLY___ ═
2025-09-15 17:50:11,644 INFO     ___FILE_ONLY___ ═
2025-09-15 17:50:11,644 INFO     ___FILE_ONLY___ ═
2025-09-15 17:50:11,644 INFO     ___FILE_ONLY___ ═
2025-09-15 17:50:11,644 INFO     ___FILE_ONLY___ ═
2025-09-15 17:50:11,644 INFO     ___FILE_ONLY___ ═
2025-09-15 17:50:11,644 INFO     ___FILE_ONLY___ ═
2025-09-15 17:50:11,644 INFO     ___FILE_ONLY___ ═
2025-09-15 17:50:11,645 INFO     ___FILE_ONLY___ ╝

2025-09-15 17:50:11,647 INFO     ___FILE_ONLY___ ╔════════════════════════════════════════════════════════════╗

2025-09-15 17:50:11,647 INFO     ___FILE_ONLY___ ╠═ Downloading: BigQuery Command Line Tool (Platform Spe... ═╣

2025-09-15 17:50:11,647 INFO     ___FILE_ONLY___ ╚
2025-09-15 17:50:11,650 DEBUG    urllib3.connectionpool Starting new HTTPS connection (1): dl.google.com:443
2025-09-15 17:50:11,755 DEBUG    urllib3.connectionpool https://dl.google.com:443 "GET /dl/cloudsdk/channels/rapid/components/google-cloud-sdk-bq-nix-20250523104322.tar.gz HTTP/11" 200 1935
2025-09-15 17:50:11,756 INFO     ___FILE_ONLY___ ════════════════════════════════════════════════════════════
2025-09-15 17:50:11,756 INFO     ___FILE_ONLY___ ╝

2025-09-15 17:50:11,758 INFO     ___FILE_ONLY___ ╔════════════════════════════════════════════════════════════╗

2025-09-15 17:50:11,758 INFO     ___FILE_ONLY___ ╠═ Downloading: Bundled Python 3.12                         ═╣

2025-09-15 17:50:11,758 INFO     ___FILE_ONLY___ ╚
2025-09-15 17:50:11,758 INFO     ___FILE_ONLY___ ════════════════════════════════════════════════════════════
2025-09-15 17:50:11,758 INFO     ___FILE_ONLY___ ╝

2025-09-15 17:50:11,760 INFO     ___FILE_ONLY___ ╔════════════════════════════════════════════════════════════╗

2025-09-15 17:50:11,760 INFO     ___FILE_ONLY___ ╠═ Downloading: Bundled Python 3.12 (Platform Specific)     ═╣

2025-09-15 17:50:11,760 INFO     ___FILE_ONLY___ ╚
2025-09-15 17:50:11,763 DEBUG    urllib3.connectionpool Starting new HTTPS connection (1): dl.google.com:443
2025-09-15 17:50:11,804 DEBUG    urllib3.connectionpool https://dl.google.com:443 "GET /dl/cloudsdk/channels/rapid/components/google-cloud-sdk-bundled-python3-unix-linux-x86_64-20250502143716.tar.gz HTTP/11" 200 93610468
2025-09-15 17:50:12,133 INFO     ___FILE_ONLY___ ═
2025-09-15 17:50:12,135 INFO     ___FILE_ONLY___ ═
2025-09-15 17:50:12,137 INFO     ___FILE_ONLY___ ═
2025-09-15 17:50:12,139 INFO     ___FILE_ONLY___ ═
2025-09-15 17:50:12,141 INFO     ___FILE_ONLY___ ═
2025-09-15 17:50:12,142 INFO     ___FILE_ONLY___ ═
2025-09-15 17:50:12,144 INFO     ___FILE_ONLY___ ═
2025-09-15 17:50:12,146 INFO     ___FILE_ONLY___ ═
2025-09-15 17:50:12,148 INFO     ___FILE_ONLY___ ═
2025-09-15 17:50:12,150 INFO     ___FILE_ONLY___ ═
2025-09-15 17:50:12,152 INFO     ___FILE_ONLY___ ═
2025-09-15 17:50:12,154 INFO     ___FILE_ONLY___ ═
2025-09-15 17:50:12,156 INFO     ___FILE_ONLY___ ═
2025-09-15 17:50:12,157 INFO     ___FILE_ONLY___ ═
2025-09-15 17:50:12,159 INFO     ___FILE_ONLY___ ═
2025-09-15 17:50:12,161 INFO     ___FILE_ONLY___ ═
2025-09-15 17:50:12,163 INFO     ___FILE_ONLY___ ═
2025-09-15 17:50:12,165 INFO     ___FILE_ONLY___ ═
2025-09-15 17:50:12,167 INFO     ___FILE_ONLY___ ═
2025-09-15 17:50:12,169 INFO     ___FILE_ONLY___ ═
2025-09-15 17:50:12,170 INFO     ___FILE_ONLY___ ═
2025-09-15 17:50:12,172 INFO     ___FILE_ONLY___ ═
2025-09-15 17:50:12,174 INFO     ___FILE_ONLY___ ═
2025-09-15 17:50:12,176 INFO     ___FILE_ONLY___ ═
2025-09-15 17:50:12,178 INFO     ___FILE_ONLY___ ═
2025-09-15 17:50:12,180 INFO     ___FILE_ONLY___ ═
2025-09-15 17:50:12,182 INFO     ___FILE_ONLY___ ═
2025-09-15 17:50:12,184 INFO     ___FILE_ONLY___ ═
2025-09-15 17:50:12,185 INFO     ___FILE_ONLY___ ═
2025-09-15 17:50:12,187 INFO     ___FILE_ONLY___ ═
2025-09-15 17:50:12,189 INFO     ___FILE_ONLY___ ═
2025-09-15 17:50:12,191 INFO     ___FILE_ONLY___ ═
2025-09-15 17:50:12,193 INFO     ___FILE_ONLY___ ═
2025-09-15 17:50:12,195 INFO     ___FILE_ONLY___ ═
2025-09-15 17:50:12,197 INFO     ___FILE_ONLY___ ═
2025-09-15 17:50:12,198 INFO     ___FILE_ONLY___ ═
2025-09-15 17:50:12,200 INFO     ___FILE_ONLY___ ═
2025-09-15 17:50:12,202 INFO     ___FILE_ONLY___ ═
2025-09-15 17:50:12,204 INFO     ___FILE_ONLY___ ═
2025-09-15 17:50:12,206 INFO     ___FILE_ONLY___ ═
2025-09-15 17:50:12,208 INFO     ___FILE_ONLY___ ═
2025-09-15 17:50:12,210 INFO     ___FILE_ONLY___ ═
2025-09-15 17:50:12,212 INFO     ___FILE_ONLY___ ═
2025-09-15 17:50:12,213 INFO     ___FILE_ONLY___ ═
2025-09-15 17:50:12,215 INFO     ___FILE_ONLY___ ═
2025-09-15 17:50:12,217 INFO     ___FILE_ONLY___ ═
2025-09-15 17:50:12,219 INFO     ___FILE_ONLY___ ═
2025-09-15 17:50:12,221 INFO     ___FILE_ONLY___ ═
2025-09-15 17:50:12,223 INFO     ___FILE_ONLY___ ═
2025-09-15 17:50:12,225 INFO     ___FILE_ONLY___ ═
2025-09-15 17:50:12,227 INFO     ___FILE_ONLY___ ═
2025-09-15 17:50:12,229 INFO     ___FILE_ONLY___ ═
2025-09-15 17:50:12,230 INFO     ___FILE_ONLY___ ═
2025-09-15 17:50:12,232 INFO     ___FILE_ONLY___ ═
2025-09-15 17:50:12,234 INFO     ___FILE_ONLY___ ═
2025-09-15 17:50:12,236 INFO     ___FILE_ONLY___ ═
2025-09-15 17:50:12,238 INFO     ___FILE_ONLY___ ═
2025-09-15 17:50:12,240 INFO     ___FILE_ONLY___ ═
2025-09-15 17:50:12,242 INFO     ___FILE_ONLY___ ═
2025-09-15 17:50:12,244 INFO     ___FILE_ONLY___ ═
2025-09-15 17:50:12,244 INFO     ___FILE_ONLY___ ╝

2025-09-15 17:50:12,246 INFO     ___FILE_ONLY___ ╔════════════════════════════════════════════════════════════╗

2025-09-15 17:50:12,246 INFO     ___FILE_ONLY___ ╠═ Downloading: Cloud Storage Command Line Tool             ═╣

2025-09-15 17:50:12,246 INFO     ___FILE_ONLY___ ╚
2025-09-15 17:50:12,249 DEBUG    urllib3.connectionpool Starting new HTTPS connection (1): dl.google.com:443
2025-09-15 17:50:12,267 DEBUG    urllib3.connectionpool https://dl.google.com:443 "GET /dl/cloudsdk/channels/rapid/components/google-cloud-sdk-gsutil-20250627154417.tar.gz HTTP/11" 200 12962791
2025-09-15 17:50:12,315 INFO     ___FILE_ONLY___ ═
2025-09-15 17:50:12,315 INFO     ___FILE_ONLY___ ═
2025-09-15 17:50:12,316 INFO     ___FILE_ONLY___ ═
2025-09-15 17:50:12,316 INFO     ___FILE_ONLY___ ═
2025-09-15 17:50:12,316 INFO     ___FILE_ONLY___ ═
2025-09-15 17:50:12,316 INFO     ___FILE_ONLY___ ═
2025-09-15 17:50:12,317 INFO     ___FILE_ONLY___ ═
2025-09-15 17:50:12,317 INFO     ___FILE_ONLY___ ═
2025-09-15 17:50:12,317 INFO     ___FILE_ONLY___ ═
2025-09-15 17:50:12,318 INFO     ___FILE_ONLY___ ═
2025-09-15 17:50:12,318 INFO     ___FILE_ONLY___ ═
2025-09-15 17:50:12,318 INFO     ___FILE_ONLY___ ═
2025-09-15 17:50:12,319 INFO     ___FILE_ONLY___ ═
2025-09-15 17:50:12,319 INFO     ___FILE_ONLY___ ═
2025-09-15 17:50:12,319 INFO     ___FILE_ONLY___ ═
2025-09-15 17:50:12,320 INFO     ___FILE_ONLY___ ═
2025-09-15 17:50:12,320 INFO     ___FILE_ONLY___ ═
2025-09-15 17:50:12,320 INFO     ___FILE_ONLY___ ═
2025-09-15 17:50:12,321 INFO     ___FILE_ONLY___ ═
2025-09-15 17:50:12,321 INFO     ___FILE_ONLY___ ═
2025-09-15 17:50:12,321 INFO     ___FILE_ONLY___ ═
2025-09-15 17:50:12,321 INFO     ___FILE_ONLY___ ═
2025-09-15 17:50:12,322 INFO     ___FILE_ONLY___ ═
2025-09-15 17:50:12,322 INFO     ___FILE_ONLY___ ═
2025-09-15 17:50:12,322 INFO     ___FILE_ONLY___ ═
2025-09-15 17:50:12,323 INFO     ___FILE_ONLY___ ═
2025-09-15 17:50:12,323 INFO     ___FILE_ONLY___ ═
2025-09-15 17:50:12,323 INFO     ___FILE_ONLY___ ═
2025-09-15 17:50:12,324 INFO     ___FILE_ONLY___ ═
2025-09-15 17:50:12,324 INFO     ___FILE_ONLY___ ═
2025-09-15 17:50:12,324 INFO     ___FILE_ONLY___ ═
2025-09-15 17:50:12,325 INFO     ___FILE_ONLY___ ═
2025-09-15 17:50:12,325 INFO     ___FILE_ONLY___ ═
2025-09-15 17:50:12,325 INFO     ___FILE_ONLY___ ═
2025-09-15 17:50:12,325 INFO     ___FILE_ONLY___ ═
2025-09-15 17:50:12,326 INFO     ___FILE_ONLY___ ═
2025-09-15 17:50:12,326 INFO     ___FILE_ONLY___ ═
2025-09-15 17:50:12,326 INFO     ___FILE_ONLY___ ═
2025-09-15 17:50:12,327 INFO     ___FILE_ONLY___ ═
2025-09-15 17:50:12,327 INFO     ___FILE_ONLY___ ═
2025-09-15 17:50:12,327 INFO     ___FILE_ONLY___ ═
2025-09-15 17:50:12,328 INFO     ___FILE_ONLY___ ═
2025-09-15 17:50:12,328 INFO     ___FILE_ONLY___ ═
2025-09-15 17:50:12,328 INFO     ___FILE_ONLY___ ═
2025-09-15 17:50:12,329 INFO     ___FILE_ONLY___ ═
2025-09-15 17:50:12,329 INFO     ___FILE_ONLY___ ═
2025-09-15 17:50:12,329 INFO     ___FILE_ONLY___ ═
2025-09-15 17:50:12,330 INFO     ___FILE_ONLY___ ═
2025-09-15 17:50:12,330 INFO     ___FILE_ONLY___ ═
2025-09-15 17:50:12,330 INFO     ___FILE_ONLY___ ═
2025-09-15 17:50:12,330 INFO     ___FILE_ONLY___ ═
2025-09-15 17:50:12,331 INFO     ___FILE_ONLY___ ═
2025-09-15 17:50:12,331 INFO     ___FILE_ONLY___ ═
2025-09-15 17:50:12,331 INFO     ___FILE_ONLY___ ═
2025-09-15 17:50:12,332 INFO     ___FILE_ONLY___ ═
2025-09-15 17:50:12,332 INFO     ___FILE_ONLY___ ═
2025-09-15 17:50:12,332 INFO     ___FILE_ONLY___ ═
2025-09-15 17:50:12,333 INFO     ___FILE_ONLY___ ═
2025-09-15 17:50:12,333 INFO     ___FILE_ONLY___ ═
2025-09-15 17:50:12,333 INFO     ___FILE_ONLY___ ═
2025-09-15 17:50:12,333 INFO     ___FILE_ONLY___ ╝

2025-09-15 17:50:12,336 INFO     ___FILE_ONLY___ ╔════════════════════════════════════════════════════════════╗

2025-09-15 17:50:12,336 INFO     ___FILE_ONLY___ ╠═ Downloading: Cloud Storage Command Line Tool (Platfor... ═╣

2025-09-15 17:50:12,336 INFO     ___FILE_ONLY___ ╚
2025-09-15 17:50:12,339 DEBUG    urllib3.connectionpool Starting new HTTPS connection (1): dl.google.com:443
2025-09-15 17:50:12,416 DEBUG    urllib3.connectionpool https://dl.google.com:443 "GET /dl/cloudsdk/channels/rapid/components/google-cloud-sdk-gsutil-nix-20250523104322.tar.gz HTTP/11" 200 1950
2025-09-15 17:50:12,416 INFO     ___FILE_ONLY___ ════════════════════════════════════════════════════════════
2025-09-15 17:50:12,417 INFO     ___FILE_ONLY___ ╝

2025-09-15 17:50:12,419 INFO     ___FILE_ONLY___ ╔════════════════════════════════════════════════════════════╗

2025-09-15 17:50:12,419 INFO     ___FILE_ONLY___ ╠═ Downloading: Default set of gcloud commands              ═╣

2025-09-15 17:50:12,419 INFO     ___FILE_ONLY___ ╚
2025-09-15 17:50:12,419 INFO     ___FILE_ONLY___ ════════════════════════════════════════════════════════════
2025-09-15 17:50:12,419 INFO     ___FILE_ONLY___ ╝

2025-09-15 17:50:12,421 INFO     ___FILE_ONLY___ ╔════════════════════════════════════════════════════════════╗

2025-09-15 17:50:12,421 INFO     ___FILE_ONLY___ ╠═ Downloading: Google Cloud CLI Core Libraries (Platfor... ═╣

2025-09-15 17:50:12,421 INFO     ___FILE_ONLY___ ╚
2025-09-15 17:50:12,423 DEBUG    urllib3.connectionpool Starting new HTTPS connection (1): dl.google.com:443
2025-09-15 17:50:12,436 DEBUG    urllib3.connectionpool https://dl.google.com:443 "GET /dl/cloudsdk/channels/rapid/components/google-cloud-sdk-core-nix-20250523104322.tar.gz HTTP/11" 200 2325
2025-09-15 17:50:12,437 INFO     ___FILE_ONLY___ ════════════════════════════════════════════════════════════
2025-09-15 17:50:12,437 INFO     ___FILE_ONLY___ ╝

2025-09-15 17:50:12,439 INFO     ___FILE_ONLY___ ╔════════════════════════════════════════════════════════════╗

2025-09-15 17:50:12,439 INFO     ___FILE_ONLY___ ╠═ Downloading: Google Cloud CRC32C Hash Tool               ═╣

2025-09-15 17:50:12,439 INFO     ___FILE_ONLY___ ╚
2025-09-15 17:50:12,439 INFO     ___FILE_ONLY___ ════════════════════════════════════════════════════════════
2025-09-15 17:50:12,439 INFO     ___FILE_ONLY___ ╝

2025-09-15 17:50:12,441 INFO     ___FILE_ONLY___ ╔════════════════════════════════════════════════════════════╗

2025-09-15 17:50:12,441 INFO     ___FILE_ONLY___ ╠═ Downloading: Google Cloud CRC32C Hash Tool (Platform ... ═╣

2025-09-15 17:50:12,441 INFO     ___FILE_ONLY___ ╚
2025-09-15 17:50:12,444 DEBUG    urllib3.connectionpool Starting new HTTPS connection (1): dl.google.com:443
2025-09-15 17:50:12,490 DEBUG    urllib3.connectionpool https://dl.google.com:443 "GET /dl/cloudsdk/channels/rapid/components/google-cloud-sdk-gcloud-crc32c-linux-x86_64-20250613150750.tar.gz HTTP/11" 200 1525557
2025-09-15 17:50:12,500 INFO     ___FILE_ONLY___ ═
2025-09-15 17:50:12,500 INFO     ___FILE_ONLY___ ═
2025-09-15 17:50:12,500 INFO     ___FILE_ONLY___ ═
2025-09-15 17:50:12,501 INFO     ___FILE_ONLY___ ═
2025-09-15 17:50:12,501 INFO     ___FILE_ONLY___ ═
2025-09-15 17:50:12,501 INFO     ___FILE_ONLY___ ═
2025-09-15 17:50:12,501 INFO     ___FILE_ONLY___ ═
2025-09-15 17:50:12,501 INFO     ___FILE_ONLY___ ═
2025-09-15 17:50:12,501 INFO     ___FILE_ONLY___ ═
2025-09-15 17:50:12,501 INFO     ___FILE_ONLY___ ═
2025-09-15 17:50:12,501 INFO     ___FILE_ONLY___ ═
2025-09-15 17:50:12,501 INFO     ___FILE_ONLY___ ═
2025-09-15 17:50:12,501 INFO     ___FILE_ONLY___ ═
2025-09-15 17:50:12,501 INFO     ___FILE_ONLY___ ═
2025-09-15 17:50:12,501 INFO     ___FILE_ONLY___ ═
2025-09-15 17:50:12,502 INFO     ___FILE_ONLY___ ═
2025-09-15 17:50:12,502 INFO     ___FILE_ONLY___ ═
2025-09-15 17:50:12,502 INFO     ___FILE_ONLY___ ═
2025-09-15 17:50:12,502 INFO     ___FILE_ONLY___ ═
2025-09-15 17:50:12,502 INFO     ___FILE_ONLY___ ═
2025-09-15 17:50:12,502 INFO     ___FILE_ONLY___ ═
2025-09-15 17:50:12,502 INFO     ___FILE_ONLY___ ═
2025-09-15 17:50:12,502 INFO     ___FILE_ONLY___ ═
2025-09-15 17:50:12,502 INFO     ___FILE_ONLY___ ═
2025-09-15 17:50:12,502 INFO     ___FILE_ONLY___ ═
2025-09-15 17:50:12,502 INFO     ___FILE_ONLY___ ═
2025-09-15 17:50:12,502 INFO     ___FILE_ONLY___ ═
2025-09-15 17:50:12,503 INFO     ___FILE_ONLY___ ═
2025-09-15 17:50:12,503 INFO     ___FILE_ONLY___ ═
2025-09-15 17:50:12,503 INFO     ___FILE_ONLY___ ═
2025-09-15 17:50:12,503 INFO     ___FILE_ONLY___ ═
2025-09-15 17:50:12,503 INFO     ___FILE_ONLY___ ═
2025-09-15 17:50:12,503 INFO     ___FILE_ONLY___ ═
2025-09-15 17:50:12,503 INFO     ___FILE_ONLY___ ═
2025-09-15 17:50:12,503 INFO     ___FILE_ONLY___ ═
2025-09-15 17:50:12,503 INFO     ___FILE_ONLY___ ═
2025-09-15 17:50:12,503 INFO     ___FILE_ONLY___ ═
2025-09-15 17:50:12,503 INFO     ___FILE_ONLY___ ═
2025-09-15 17:50:12,503 INFO     ___FILE_ONLY___ ═
2025-09-15 17:50:12,504 INFO     ___FILE_ONLY___ ═
2025-09-15 17:50:12,504 INFO     ___FILE_ONLY___ ═
2025-09-15 17:50:12,504 INFO     ___FILE_ONLY___ ═
2025-09-15 17:50:12,504 INFO     ___FILE_ONLY___ ═
2025-09-15 17:50:12,504 INFO     ___FILE_ONLY___ ═
2025-09-15 17:50:12,504 INFO     ___FILE_ONLY___ ═
2025-09-15 17:50:12,504 INFO     ___FILE_ONLY___ ═
2025-09-15 17:50:12,504 INFO     ___FILE_ONLY___ ═
2025-09-15 17:50:12,504 INFO     ___FILE_ONLY___ ═
2025-09-15 17:50:12,504 INFO     ___FILE_ONLY___ ═
2025-09-15 17:50:12,504 INFO     ___FILE_ONLY___ ═
2025-09-15 17:50:12,504 INFO     ___FILE_ONLY___ ═
2025-09-15 17:50:12,504 INFO     ___FILE_ONLY___ ═
2025-09-15 17:50:12,505 INFO     ___FILE_ONLY___ ═
2025-09-15 17:50:12,505 INFO     ___FILE_ONLY___ ═
2025-09-15 17:50:12,505 INFO     ___FILE_ONLY___ ═
2025-09-15 17:50:12,505 INFO     ___FILE_ONLY___ ═
2025-09-15 17:50:12,505 INFO     ___FILE_ONLY___ ═
2025-09-15 17:50:12,505 INFO     ___FILE_ONLY___ ═
2025-09-15 17:50:12,505 INFO     ___FILE_ONLY___ ═
2025-09-15 17:50:12,505 INFO     ___FILE_ONLY___ ═
2025-09-15 17:50:12,505 INFO     ___FILE_ONLY___ ╝

2025-09-15 17:50:12,507 INFO     ___FILE_ONLY___ ╔════════════════════════════════════════════════════════════╗

2025-09-15 17:50:12,507 INFO     ___FILE_ONLY___ ╠═ Downloading: gcloud cli dependencies (Platform Specific) ═╣

2025-09-15 17:50:12,507 INFO     ___FILE_ONLY___ ╚
2025-09-15 17:50:12,511 DEBUG    urllib3.connectionpool Starting new HTTPS connection (1): dl.google.com:443
2025-09-15 17:50:12,561 DEBUG    urllib3.connectionpool https://dl.google.com:443 "GET /dl/cloudsdk/channels/rapid/components/google-cloud-sdk-gcloud-deps-linux-x86_64-20210416153011.tar.gz HTTP/11" 200 104
2025-09-15 17:50:12,562 INFO     ___FILE_ONLY___ ════════════════════════════════════════════════════════════
2025-09-15 17:50:12,562 INFO     ___FILE_ONLY___ ╝

2025-09-15 17:50:12,564 INFO     ___FILE_ONLY___ ╔════════════════════════════════════════════════════════════╗

2025-09-15 17:50:12,564 INFO     ___FILE_ONLY___ ╠═ Installing: BigQuery Command Line Tool                   ═╣

2025-09-15 17:50:12,564 INFO     ___FILE_ONLY___ ╚
2025-09-15 17:50:12,651 INFO     ___FILE_ONLY___ ═
2025-09-15 17:50:12,654 INFO     ___FILE_ONLY___ ═
2025-09-15 17:50:12,656 INFO     ___FILE_ONLY___ ═
2025-09-15 17:50:12,658 INFO     ___FILE_ONLY___ ═
2025-09-15 17:50:12,661 INFO     ___FILE_ONLY___ ═
2025-09-15 17:50:12,663 INFO     ___FILE_ONLY___ ═
2025-09-15 17:50:12,666 INFO     ___FILE_ONLY___ ═
2025-09-15 17:50:12,668 INFO     ___FILE_ONLY___ ═
2025-09-15 17:50:12,670 INFO     ___FILE_ONLY___ ═
2025-09-15 17:50:12,672 INFO     ___FILE_ONLY___ ═
2025-09-15 17:50:12,674 INFO     ___FILE_ONLY___ ═
2025-09-15 17:50:12,677 INFO     ___FILE_ONLY___ ═
2025-09-15 17:50:12,679 INFO     ___FILE_ONLY___ ═
2025-09-15 17:50:12,681 INFO     ___FILE_ONLY___ ═
2025-09-15 17:50:12,683 INFO     ___FILE_ONLY___ ═
2025-09-15 17:50:12,685 INFO     ___FILE_ONLY___ ═
2025-09-15 17:50:12,688 INFO     ___FILE_ONLY___ ═
2025-09-15 17:50:12,690 INFO     ___FILE_ONLY___ ═
2025-09-15 17:50:12,692 INFO     ___FILE_ONLY___ ═
2025-09-15 17:50:12,695 INFO     ___FILE_ONLY___ ═
2025-09-15 17:50:12,698 INFO     ___FILE_ONLY___ ═
2025-09-15 17:50:12,700 INFO     ___FILE_ONLY___ ═
2025-09-15 17:50:12,702 INFO     ___FILE_ONLY___ ═
2025-09-15 17:50:12,704 INFO     ___FILE_ONLY___ ═
2025-09-15 17:50:12,706 INFO     ___FILE_ONLY___ ═
2025-09-15 17:50:12,708 INFO     ___FILE_ONLY___ ═
2025-09-15 17:50:12,710 INFO     ___FILE_ONLY___ ═
2025-09-15 17:50:12,712 INFO     ___FILE_ONLY___ ═
2025-09-15 17:50:12,714 INFO     ___FILE_ONLY___ ═
2025-09-15 17:50:12,718 INFO     ___FILE_ONLY___ ═
2025-09-15 17:50:12,720 INFO     ___FILE_ONLY___ ═
2025-09-15 17:50:12,722 INFO     ___FILE_ONLY___ ═
2025-09-15 17:50:12,724 INFO     ___FILE_ONLY___ ═
2025-09-15 17:50:12,728 INFO     ___FILE_ONLY___ ═
2025-09-15 17:50:12,730 INFO     ___FILE_ONLY___ ═
2025-09-15 17:50:12,738 INFO     ___FILE_ONLY___ ═
2025-09-15 17:50:12,742 INFO     ___FILE_ONLY___ ═
2025-09-15 17:50:12,747 INFO     ___FILE_ONLY___ ═
2025-09-15 17:50:12,749 INFO     ___FILE_ONLY___ ═
2025-09-15 17:50:12,751 INFO     ___FILE_ONLY___ ═
2025-09-15 17:50:12,754 INFO     ___FILE_ONLY___ ═
2025-09-15 17:50:12,756 INFO     ___FILE_ONLY___ ═
2025-09-15 17:50:12,760 INFO     ___FILE_ONLY___ ═
2025-09-15 17:50:12,763 INFO     ___FILE_ONLY___ ═
2025-09-15 17:50:12,765 INFO     ___FILE_ONLY___ ═
2025-09-15 17:50:12,768 INFO     ___FILE_ONLY___ ═
2025-09-15 17:50:12,769 INFO     ___FILE_ONLY___ ═
2025-09-15 17:50:12,772 INFO     ___FILE_ONLY___ ═
2025-09-15 17:50:12,774 INFO     ___FILE_ONLY___ ═
2025-09-15 17:50:12,776 INFO     ___FILE_ONLY___ ═
2025-09-15 17:50:12,778 INFO     ___FILE_ONLY___ ═
2025-09-15 17:50:12,780 INFO     ___FILE_ONLY___ ═
2025-09-15 17:50:12,782 INFO     ___FILE_ONLY___ ═
2025-09-15 17:50:12,785 INFO     ___FILE_ONLY___ ═
2025-09-15 17:50:12,787 INFO     ___FILE_ONLY___ ═
2025-09-15 17:50:12,789 INFO     ___FILE_ONLY___ ═
2025-09-15 17:50:12,791 INFO     ___FILE_ONLY___ ═
2025-09-15 17:50:12,793 INFO     ___FILE_ONLY___ ═
2025-09-15 17:50:12,795 INFO     ___FILE_ONLY___ ═
2025-09-15 17:50:12,797 INFO     ___FILE_ONLY___ ═
2025-09-15 17:50:12,797 INFO     ___FILE_ONLY___ ╝

2025-09-15 17:50:12,807 INFO     ___FILE_ONLY___ ╔════════════════════════════════════════════════════════════╗

2025-09-15 17:50:12,807 INFO     ___FILE_ONLY___ ╠═ Installing: BigQuery Command Line Tool (Platform Spec... ═╣

2025-09-15 17:50:12,807 INFO     ___FILE_ONLY___ ╚
2025-09-15 17:50:12,808 INFO     ___FILE_ONLY___ ════════════════════════════════════════════════════════════
2025-09-15 17:50:12,808 INFO     ___FILE_ONLY___ ╝

2025-09-15 17:50:12,812 INFO     ___FILE_ONLY___ ╔════════════════════════════════════════════════════════════╗

2025-09-15 17:50:12,812 INFO     ___FILE_ONLY___ ╠═ Installing: Bundled Python 3.12                          ═╣

2025-09-15 17:50:12,812 INFO     ___FILE_ONLY___ ╚
2025-09-15 17:50:12,815 INFO     ___FILE_ONLY___ ════════════════════════════════════════════════════════════
2025-09-15 17:50:12,815 INFO     ___FILE_ONLY___ ╝

2025-09-15 17:50:12,816 INFO     ___FILE_ONLY___ ╔════════════════════════════════════════════════════════════╗

2025-09-15 17:50:12,817 INFO     ___FILE_ONLY___ ╠═ Installing: Bundled Python 3.12 (Platform Specific)      ═╣

2025-09-15 17:50:12,817 INFO     ___FILE_ONLY___ ╚
2025-09-15 17:50:14,927 INFO     ___FILE_ONLY___ ═
2025-09-15 17:50:14,939 INFO     ___FILE_ONLY___ ═
2025-09-15 17:50:14,952 INFO     ___FILE_ONLY___ ═
2025-09-15 17:50:14,965 INFO     ___FILE_ONLY___ ═
2025-09-15 17:50:14,978 INFO     ___FILE_ONLY___ ═
2025-09-15 17:50:14,991 INFO     ___FILE_ONLY___ ═
2025-09-15 17:50:15,006 INFO     ___FILE_ONLY___ ═
2025-09-15 17:50:15,018 INFO     ___FILE_ONLY___ ═
2025-09-15 17:50:15,031 INFO     ___FILE_ONLY___ ═
2025-09-15 17:50:15,044 INFO     ___FILE_ONLY___ ═
2025-09-15 17:50:15,057 INFO     ___FILE_ONLY___ ═
2025-09-15 17:50:15,070 INFO     ___FILE_ONLY___ ═
2025-09-15 17:50:15,083 INFO     ___FILE_ONLY___ ═
2025-09-15 17:50:15,096 INFO     ___FILE_ONLY___ ═
2025-09-15 17:50:15,110 INFO     ___FILE_ONLY___ ═
2025-09-15 17:50:15,123 INFO     ___FILE_ONLY___ ═
2025-09-15 17:50:15,136 INFO     ___FILE_ONLY___ ═
2025-09-15 17:50:15,149 INFO     ___FILE_ONLY___ ═
2025-09-15 17:50:15,163 INFO     ___FILE_ONLY___ ═
2025-09-15 17:50:15,176 INFO     ___FILE_ONLY___ ═
2025-09-15 17:50:15,190 INFO     ___FILE_ONLY___ ═
2025-09-15 17:50:15,204 INFO     ___FILE_ONLY___ ═
2025-09-15 17:50:15,217 INFO     ___FILE_ONLY___ ═
2025-09-15 17:50:15,230 INFO     ___FILE_ONLY___ ═
2025-09-15 17:50:15,243 INFO     ___FILE_ONLY___ ═
2025-09-15 17:50:15,256 INFO     ___FILE_ONLY___ ═
2025-09-15 17:50:15,269 INFO     ___FILE_ONLY___ ═
2025-09-15 17:50:15,283 INFO     ___FILE_ONLY___ ═
2025-09-15 17:50:15,296 INFO     ___FILE_ONLY___ ═
2025-09-15 17:50:15,310 INFO     ___FILE_ONLY___ ═
2025-09-15 17:50:15,323 INFO     ___FILE_ONLY___ ═
2025-09-15 17:50:15,337 INFO     ___FILE_ONLY___ ═
2025-09-15 17:50:15,350 INFO     ___FILE_ONLY___ ═
2025-09-15 17:50:15,364 INFO     ___FILE_ONLY___ ═
2025-09-15 17:50:15,381 INFO     ___FILE_ONLY___ ═
2025-09-15 17:50:15,397 INFO     ___FILE_ONLY___ ═
2025-09-15 17:50:16,284 INFO     ___FILE_ONLY___ ═
2025-09-15 17:50:16,311 INFO     ___FILE_ONLY___ ═
2025-09-15 17:50:16,811 INFO     ___FILE_ONLY___ ═
2025-09-15 17:50:16,831 INFO     ___FILE_ONLY___ ═
2025-09-15 17:50:16,855 INFO     ___FILE_ONLY___ ═
2025-09-15 17:50:16,885 INFO     ___FILE_ONLY___ ═
2025-09-15 17:50:16,909 INFO     ___FILE_ONLY___ ═
2025-09-15 17:50:16,942 INFO     ___FILE_ONLY___ ═
2025-09-15 17:50:16,965 INFO     ___FILE_ONLY___ ═
2025-09-15 17:50:16,988 INFO     ___FILE_ONLY___ ═
2025-09-15 17:50:17,009 INFO     ___FILE_ONLY___ ═
2025-09-15 17:50:17,029 INFO     ___FILE_ONLY___ ═
2025-09-15 17:50:17,120 INFO     ___FILE_ONLY___ ═
2025-09-15 17:50:17,141 INFO     ___FILE_ONLY___ ═
2025-09-15 17:50:17,283 INFO     ___FILE_ONLY___ ═
2025-09-15 17:50:17,301 INFO     ___FILE_ONLY___ ═
2025-09-15 17:50:17,322 INFO     ___FILE_ONLY___ ═
2025-09-15 17:50:17,340 INFO     ___FILE_ONLY___ ═
2025-09-15 17:50:17,357 INFO     ___FILE_ONLY___ ═
2025-09-15 17:50:17,377 INFO     ___FILE_ONLY___ ═
2025-09-15 17:50:17,397 INFO     ___FILE_ONLY___ ═
2025-09-15 17:50:17,415 INFO     ___FILE_ONLY___ ═
2025-09-15 17:50:17,445 INFO     ___FILE_ONLY___ ═
2025-09-15 17:50:17,936 INFO     ___FILE_ONLY___ ═
2025-09-15 17:50:17,936 INFO     ___FILE_ONLY___ ╝

2025-09-15 17:50:17,991 INFO     ___FILE_ONLY___ ╔════════════════════════════════════════════════════════════╗

2025-09-15 17:50:17,991 INFO     ___FILE_ONLY___ ╠═ Installing: Cloud Storage Command Line Tool              ═╣

2025-09-15 17:50:17,991 INFO     ___FILE_ONLY___ ╚
2025-09-15 17:50:18,544 INFO     ___FILE_ONLY___ ═
2025-09-15 17:50:18,557 INFO     ___FILE_ONLY___ ═
2025-09-15 17:50:18,570 INFO     ___FILE_ONLY___ ═
2025-09-15 17:50:18,582 INFO     ___FILE_ONLY___ ═
2025-09-15 17:50:18,593 INFO     ___FILE_ONLY___ ═
2025-09-15 17:50:18,630 INFO     ___FILE_ONLY___ ═
2025-09-15 17:50:18,645 INFO     ___FILE_ONLY___ ═
2025-09-15 17:50:18,662 INFO     ___FILE_ONLY___ ═
2025-09-15 17:50:18,680 INFO     ___FILE_ONLY___ ═
2025-09-15 17:50:18,697 INFO     ___FILE_ONLY___ ═
2025-09-15 17:50:18,716 INFO     ___FILE_ONLY___ ═
2025-09-15 17:50:18,730 INFO     ___FILE_ONLY___ ═
2025-09-15 17:50:18,743 INFO     ___FILE_ONLY___ ═
2025-09-15 17:50:18,753 INFO     ___FILE_ONLY___ ═
2025-09-15 17:50:18,765 INFO     ___FILE_ONLY___ ═
2025-09-15 17:50:18,783 INFO     ___FILE_ONLY___ ═
2025-09-15 17:50:18,798 INFO     ___FILE_ONLY___ ═
2025-09-15 17:50:18,809 INFO     ___FILE_ONLY___ ═
2025-09-15 17:50:18,823 INFO     ___FILE_ONLY___ ═
2025-09-15 17:50:18,835 INFO     ___FILE_ONLY___ ═
2025-09-15 17:50:18,846 INFO     ___FILE_ONLY___ ═
2025-09-15 17:50:18,861 INFO     ___FILE_ONLY___ ═
2025-09-15 17:50:18,873 INFO     ___FILE_ONLY___ ═
2025-09-15 17:50:18,885 INFO     ___FILE_ONLY___ ═
2025-09-15 17:50:18,896 INFO     ___FILE_ONLY___ ═
2025-09-15 17:50:18,908 INFO     ___FILE_ONLY___ ═
2025-09-15 17:50:18,920 INFO     ___FILE_ONLY___ ═
2025-09-15 17:50:18,935 INFO     ___FILE_ONLY___ ═
2025-09-15 17:50:18,954 INFO     ___FILE_ONLY___ ═
2025-09-15 17:50:18,968 INFO     ___FILE_ONLY___ ═
2025-09-15 17:50:18,981 INFO     ___FILE_ONLY___ ═
2025-09-15 17:50:19,005 INFO     ___FILE_ONLY___ ═
2025-09-15 17:50:19,022 INFO     ___FILE_ONLY___ ═
2025-09-15 17:50:19,043 INFO     ___FILE_ONLY___ ═
2025-09-15 17:50:19,059 INFO     ___FILE_ONLY___ ═
2025-09-15 17:50:19,079 INFO     ___FILE_ONLY___ ═
2025-09-15 17:50:19,090 INFO     ___FILE_ONLY___ ═
2025-09-15 17:50:19,102 INFO     ___FILE_ONLY___ ═
2025-09-15 17:50:19,142 INFO     ___FILE_ONLY___ ═
2025-09-15 17:50:19,158 INFO     ___FILE_ONLY___ ═
2025-09-15 17:50:19,172 INFO     ___FILE_ONLY___ ═
2025-09-15 17:50:19,184 INFO     ___FILE_ONLY___ ═
2025-09-15 17:50:19,195 INFO     ___FILE_ONLY___ ═
2025-09-15 17:50:19,208 INFO     ___FILE_ONLY___ ═
2025-09-15 17:50:19,220 INFO     ___FILE_ONLY___ ═
2025-09-15 17:50:19,232 INFO     ___FILE_ONLY___ ═
2025-09-15 17:50:19,243 INFO     ___FILE_ONLY___ ═
2025-09-15 17:50:19,254 INFO     ___FILE_ONLY___ ═
2025-09-15 17:50:19,266 INFO     ___FILE_ONLY___ ═
2025-09-15 17:50:19,280 INFO     ___FILE_ONLY___ ═
2025-09-15 17:50:19,296 INFO     ___FILE_ONLY___ ═
2025-09-15 17:50:19,312 INFO     ___FILE_ONLY___ ═
2025-09-15 17:50:19,327 INFO     ___FILE_ONLY___ ═
2025-09-15 17:50:19,343 INFO     ___FILE_ONLY___ ═
2025-09-15 17:50:19,358 INFO     ___FILE_ONLY___ ═
2025-09-15 17:50:19,375 INFO     ___FILE_ONLY___ ═
2025-09-15 17:50:19,393 INFO     ___FILE_ONLY___ ═
2025-09-15 17:50:19,417 INFO     ___FILE_ONLY___ ═
2025-09-15 17:50:19,436 INFO     ___FILE_ONLY___ ═
2025-09-15 17:50:19,456 INFO     ___FILE_ONLY___ ═
2025-09-15 17:50:19,456 INFO     ___FILE_ONLY___ ╝

2025-09-15 17:50:19,488 INFO     ___FILE_ONLY___ ╔════════════════════════════════════════════════════════════╗

2025-09-15 17:50:19,488 INFO     ___FILE_ONLY___ ╠═ Installing: Cloud Storage Command Line Tool (Platform... ═╣

2025-09-15 17:50:19,488 INFO     ___FILE_ONLY___ ╚
2025-09-15 17:50:19,489 INFO     ___FILE_ONLY___ ════════════════════════════════════════════════════════════
2025-09-15 17:50:19,489 INFO     ___FILE_ONLY___ ╝

2025-09-15 17:50:19,493 INFO     ___FILE_ONLY___ ╔════════════════════════════════════════════════════════════╗

2025-09-15 17:50:19,493 INFO     ___FILE_ONLY___ ╠═ Installing: Default set of gcloud commands               ═╣

2025-09-15 17:50:19,493 INFO     ___FILE_ONLY___ ╚
2025-09-15 17:50:19,496 INFO     ___FILE_ONLY___ ════════════════════════════════════════════════════════════
2025-09-15 17:50:19,496 INFO     ___FILE_ONLY___ ╝

2025-09-15 17:50:19,498 INFO     ___FILE_ONLY___ ╔════════════════════════════════════════════════════════════╗

2025-09-15 17:50:19,498 INFO     ___FILE_ONLY___ ╠═ Installing: Google Cloud CLI Core Libraries (Platform... ═╣

2025-09-15 17:50:19,498 INFO     ___FILE_ONLY___ ╚
2025-09-15 17:50:19,499 INFO     ___FILE_ONLY___ ══════════════════════════════
2025-09-15 17:50:19,499 INFO     ___FILE_ONLY___ ══════════════════════════════
2025-09-15 17:50:19,499 INFO     ___FILE_ONLY___ ╝

2025-09-15 17:50:19,503 INFO     ___FILE_ONLY___ ╔════════════════════════════════════════════════════════════╗

2025-09-15 17:50:19,503 INFO     ___FILE_ONLY___ ╠═ Installing: Google Cloud CRC32C Hash Tool                ═╣

2025-09-15 17:50:19,504 INFO     ___FILE_ONLY___ ╚
2025-09-15 17:50:19,506 INFO     ___FILE_ONLY___ ════════════════════════════════════════════════════════════
2025-09-15 17:50:19,506 INFO     ___FILE_ONLY___ ╝

2025-09-15 17:50:19,508 INFO     ___FILE_ONLY___ ╔════════════════════════════════════════════════════════════╗

2025-09-15 17:50:19,508 INFO     ___FILE_ONLY___ ╠═ Installing: Google Cloud CRC32C Hash Tool (Platform S... ═╣

2025-09-15 17:50:19,508 INFO     ___FILE_ONLY___ ╚
2025-09-15 17:50:19,547 INFO     ___FILE_ONLY___ ══════════════════════════════
2025-09-15 17:50:19,547 INFO     ___FILE_ONLY___ ══════════════════════════════
2025-09-15 17:50:19,547 INFO     ___FILE_ONLY___ ╝

2025-09-15 17:50:19,553 INFO     ___FILE_ONLY___ ╔════════════════════════════════════════════════════════════╗

2025-09-15 17:50:19,553 INFO     ___FILE_ONLY___ ╠═ Installing: gcloud cli dependencies (Platform Specific)  ═╣

2025-09-15 17:50:19,553 INFO     ___FILE_ONLY___ ╚
2025-09-15 17:50:19,553 INFO     ___FILE_ONLY___ ════════════════════════════════════════════════════════════
2025-09-15 17:50:19,553 INFO     ___FILE_ONLY___ ╝

2025-09-15 17:50:19,559 DEBUG    root            Updating notification cache...
2025-09-15 17:50:19,559 INFO     ___FILE_ONLY___ 

2025-09-15 17:50:19,561 INFO     ___FILE_ONLY___ Performing post processing steps...
2025-09-15 17:50:19,561 DEBUG    root            Executing command: ['/tools/google-cloud-sdk/bin/gcloud', 'components', 'post-process']
2025-09-15 17:50:28,096 DEBUG    ___FILE_ONLY___ 
2025-09-15 17:50:28,097 DEBUG    ___FILE_ONLY___ 
2025-09-15 17:50:28,333 INFO     root            descriptor_list: [{'universeDomain': 'googleapis.com', 'universeShortName': '', 'authenticationDomain': 'auth.cloud.google.com', 'projectPrefix': '', 'cloudWebDomain': 'cloud.google.com', 'documentationDomain': 'cloud.google.com', 'version': '1.0.0', 'state': 'primary', 'artifactRegistryDomain': 'pkg.dev'}]
2025-09-15 17:50:28,334 INFO     ___FILE_ONLY___ 
Update done!


2025-09-15 17:50:28,337 DEBUG    root            Chosen display Format:none
2025-09-15 17:50:28,337 INFO     root            Display format: "none"
