2025-09-15 17:50:29,041 DEBUG    root            Loaded Command Group: ['gcloud', 'components']
2025-09-15 17:50:29,044 DEBUG    root            Loaded Command Group: ['gcloud', 'components', 'update']
2025-09-15 17:50:29,045 DEBUG    root            Running [gcloud.components.update] with arguments: [--quiet: "True", COMPONENT-IDS:8: "['gcloud', 'core', 'bq', 'gsutil', 'compute', 'preview', 'alpha', 'beta']"]
2025-09-15 17:50:29,046 INFO     ___FILE_ONLY___ Beginning update. This process may take several minutes.

2025-09-15 17:50:29,055 DEBUG    urllib3.connectionpool Starting new HTTPS connection (1): dl.google.com:443
2025-09-15 17:50:29,069 DEBUG    urllib3.connectionpool https://dl.google.com:443 "GET /dl/cloudsdk/channels/rapid/components-2.json HTTP/11" 200 233150
2025-09-15 17:50:29,081 WARNING  root            Component [compute] no longer exists.
2025-09-15 17:50:29,081 INFO     ___FILE_ONLY___ 

2025-09-15 17:50:29,082 INFO     ___FILE_ONLY___ 
Your current Google Cloud CLI version is: 538.0.0

2025-09-15 17:50:29,082 INFO     ___FILE_ONLY___ Installing components from version: 538.0.0

2025-09-15 17:50:29,082 INFO     ___FILE_ONLY___ 

2025-09-15 17:50:29,082 DEBUG    root            Chosen display Format:table[box,title="These components will be removed."](details.display_name:label=Name:align=left,version.version_string:label=Version:align=right,data.size.size(zero="",min=1048576):label=Size:align=right)
2025-09-15 17:50:29,083 DEBUG    root            Chosen display Format:table[box,title="These components will be updated."](details.display_name:label=Name:align=left,version.version_string:label=Version:align=right,data.size.size(zero="",min=1048576):label=Size:align=right)
2025-09-15 17:50:29,083 DEBUG    root            Chosen display Format:table[box,title="These components will be installed."](details.display_name:label=Name:align=left,version.version_string:label=Version:align=right,data.size.size(zero="",min=1048576):label=Size:align=right)
2025-09-15 17:50:29,100 INFO     ___FILE_ONLY___ ┌────────────────────────────────────────────────┐
2025-09-15 17:50:29,100 INFO     ___FILE_ONLY___ 

2025-09-15 17:50:29,100 INFO     ___FILE_ONLY___ │      These components will be installed.       │
2025-09-15 17:50:29,100 INFO     ___FILE_ONLY___ 

2025-09-15 17:50:29,100 INFO     ___FILE_ONLY___ ├─────────────────────────┬────────────┬─────────┤
2025-09-15 17:50:29,100 INFO     ___FILE_ONLY___ 

2025-09-15 17:50:29,100 INFO     ___FILE_ONLY___ │           Name          │  Version   │   Size  │
2025-09-15 17:50:29,101 INFO     ___FILE_ONLY___ 

2025-09-15 17:50:29,101 INFO     ___FILE_ONLY___ ├─────────────────────────┼────────────┼─────────┤
2025-09-15 17:50:29,101 INFO     ___FILE_ONLY___ 

2025-09-15 17:50:29,101 INFO     ___FILE_ONLY___ │ 
2025-09-15 17:50:29,101 INFO     ___FILE_ONLY___ gcloud Alpha Commands  
2025-09-15 17:50:29,101 INFO     ___FILE_ONLY___  
2025-09-15 17:50:29,101 INFO     ___FILE_ONLY___ │ 
2025-09-15 17:50:29,102 INFO     ___FILE_ONLY___ 2025.09.05
2025-09-15 17:50:29,102 INFO     ___FILE_ONLY___  
2025-09-15 17:50:29,102 INFO     ___FILE_ONLY___ │ 
2025-09-15 17:50:29,102 INFO     ___FILE_ONLY___ < 1 MiB
2025-09-15 17:50:29,102 INFO     ___FILE_ONLY___  
2025-09-15 17:50:29,102 INFO     ___FILE_ONLY___ │
2025-09-15 17:50:29,102 INFO     ___FILE_ONLY___ 

2025-09-15 17:50:29,102 INFO     ___FILE_ONLY___ │ 
2025-09-15 17:50:29,102 INFO     ___FILE_ONLY___ gcloud Beta Commands   
2025-09-15 17:50:29,103 INFO     ___FILE_ONLY___  
2025-09-15 17:50:29,103 INFO     ___FILE_ONLY___ │ 
2025-09-15 17:50:29,103 INFO     ___FILE_ONLY___ 2025.09.05
2025-09-15 17:50:29,103 INFO     ___FILE_ONLY___  
2025-09-15 17:50:29,103 INFO     ___FILE_ONLY___ │ 
2025-09-15 17:50:29,103 INFO     ___FILE_ONLY___ < 1 MiB
2025-09-15 17:50:29,103 INFO     ___FILE_ONLY___  
2025-09-15 17:50:29,103 INFO     ___FILE_ONLY___ │
2025-09-15 17:50:29,103 INFO     ___FILE_ONLY___ 

2025-09-15 17:50:29,103 INFO     ___FILE_ONLY___ │ 
2025-09-15 17:50:29,103 INFO     ___FILE_ONLY___ gcloud Preview Commands
2025-09-15 17:50:29,104 INFO     ___FILE_ONLY___  
2025-09-15 17:50:29,104 INFO     ___FILE_ONLY___ │ 
2025-09-15 17:50:29,104 INFO     ___FILE_ONLY___           
2025-09-15 17:50:29,104 INFO     ___FILE_ONLY___  
2025-09-15 17:50:29,104 INFO     ___FILE_ONLY___ │ 
2025-09-15 17:50:29,104 INFO     ___FILE_ONLY___ < 1 MiB
2025-09-15 17:50:29,104 INFO     ___FILE_ONLY___  
2025-09-15 17:50:29,104 INFO     ___FILE_ONLY___ │
2025-09-15 17:50:29,104 INFO     ___FILE_ONLY___ 

2025-09-15 17:50:29,104 INFO     ___FILE_ONLY___ └─────────────────────────┴────────────┴─────────┘
2025-09-15 17:50:29,104 INFO     ___FILE_ONLY___ 

2025-09-15 17:50:29,105 INFO     ___FILE_ONLY___ 

2025-09-15 17:50:29,107 DEBUG    urllib3.connectionpool Starting new HTTPS connection (1): dl.google.com:443
2025-09-15 17:50:29,122 DEBUG    urllib3.connectionpool https://dl.google.com:443 "GET /dl/cloudsdk/channels/rapid/RELEASE_NOTES HTTP/11" 200 1478282
2025-09-15 17:50:29,617 INFO     ___FILE_ONLY___ For the latest full release notes, please visit:
  https://cloud.google.com/sdk/release_notes


2025-09-15 17:50:29,617 INFO     ___FILE_ONLY___ Performing in place update...


2025-09-15 17:50:29,619 INFO     ___FILE_ONLY___ ╔════════════════════════════════════════════════════════════╗

2025-09-15 17:50:29,620 INFO     ___FILE_ONLY___ ╠═ Downloading: gcloud Alpha Commands                       ═╣

2025-09-15 17:50:29,620 INFO     ___FILE_ONLY___ ╚
2025-09-15 17:50:29,622 DEBUG    urllib3.connectionpool Starting new HTTPS connection (1): dl.google.com:443
2025-09-15 17:50:29,634 DEBUG    urllib3.connectionpool https://dl.google.com:443 "GET /dl/cloudsdk/channels/rapid/components/google-cloud-sdk-alpha-20250905141229.tar.gz HTTP/11" 200 800
2025-09-15 17:50:29,635 INFO     ___FILE_ONLY___ ════════════════════════════════════════════════════════════
2025-09-15 17:50:29,635 INFO     ___FILE_ONLY___ ╝

2025-09-15 17:50:29,637 INFO     ___FILE_ONLY___ ╔════════════════════════════════════════════════════════════╗

2025-09-15 17:50:29,637 INFO     ___FILE_ONLY___ ╠═ Downloading: gcloud Beta Commands                        ═╣

2025-09-15 17:50:29,637 INFO     ___FILE_ONLY___ ╚
2025-09-15 17:50:29,640 DEBUG    urllib3.connectionpool Starting new HTTPS connection (1): dl.google.com:443
2025-09-15 17:50:29,649 DEBUG    urllib3.connectionpool https://dl.google.com:443 "GET /dl/cloudsdk/channels/rapid/components/google-cloud-sdk-beta-20250905141229.tar.gz HTTP/11" 200 797
2025-09-15 17:50:29,649 INFO     ___FILE_ONLY___ ════════════════════════════════════════════════════════════
2025-09-15 17:50:29,649 INFO     ___FILE_ONLY___ ╝

2025-09-15 17:50:29,651 INFO     ___FILE_ONLY___ ╔════════════════════════════════════════════════════════════╗

2025-09-15 17:50:29,651 INFO     ___FILE_ONLY___ ╠═ Downloading: gcloud Preview Commands                     ═╣

2025-09-15 17:50:29,651 INFO     ___FILE_ONLY___ ╚
2025-09-15 17:50:29,654 DEBUG    urllib3.connectionpool Starting new HTTPS connection (1): dl.google.com:443
2025-09-15 17:50:29,761 DEBUG    urllib3.connectionpool https://dl.google.com:443 "GET /dl/cloudsdk/channels/rapid/components/google-cloud-sdk-preview-20241115154308.tar.gz HTTP/11" 200 823
2025-09-15 17:50:29,762 INFO     ___FILE_ONLY___ ════════════════════════════════════════════════════════════
2025-09-15 17:50:29,762 INFO     ___FILE_ONLY___ ╝

2025-09-15 17:50:29,764 INFO     ___FILE_ONLY___ ╔════════════════════════════════════════════════════════════╗

2025-09-15 17:50:29,764 INFO     ___FILE_ONLY___ ╠═ Installing: gcloud Alpha Commands                        ═╣

2025-09-15 17:50:29,765 INFO     ___FILE_ONLY___ ╚
2025-09-15 17:50:29,766 INFO     ___FILE_ONLY___ ════════════════════════════════════════════════════════════
2025-09-15 17:50:29,766 INFO     ___FILE_ONLY___ ╝

2025-09-15 17:50:29,771 INFO     ___FILE_ONLY___ ╔════════════════════════════════════════════════════════════╗

2025-09-15 17:50:29,771 INFO     ___FILE_ONLY___ ╠═ Installing: gcloud Beta Commands                         ═╣

2025-09-15 17:50:29,771 INFO     ___FILE_ONLY___ ╚
2025-09-15 17:50:29,772 INFO     ___FILE_ONLY___ ════════════════════════════════════════════════════════════
2025-09-15 17:50:29,772 INFO     ___FILE_ONLY___ ╝

2025-09-15 17:50:29,776 INFO     ___FILE_ONLY___ ╔════════════════════════════════════════════════════════════╗

2025-09-15 17:50:29,776 INFO     ___FILE_ONLY___ ╠═ Installing: gcloud Preview Commands                      ═╣

2025-09-15 17:50:29,776 INFO     ___FILE_ONLY___ ╚
2025-09-15 17:50:29,777 INFO     ___FILE_ONLY___ ════════════════════════════════════════════════════════════
2025-09-15 17:50:29,777 INFO     ___FILE_ONLY___ ╝

2025-09-15 17:50:29,782 DEBUG    root            Updating notification cache...
2025-09-15 17:50:29,782 INFO     ___FILE_ONLY___ 

2025-09-15 17:50:29,784 INFO     ___FILE_ONLY___ Performing post processing steps...
2025-09-15 17:50:29,784 DEBUG    root            Executing command: ['/tools/google-cloud-sdk/bin/gcloud', 'components', 'post-process']
2025-09-15 17:50:38,336 DEBUG    ___FILE_ONLY___ 
2025-09-15 17:50:38,337 DEBUG    ___FILE_ONLY___ 
2025-09-15 17:50:38,545 INFO     root            descriptor_list: [{'universeDomain': 'googleapis.com', 'universeShortName': '', 'authenticationDomain': 'auth.cloud.google.com', 'projectPrefix': '', 'cloudWebDomain': 'cloud.google.com', 'documentationDomain': 'cloud.google.com', 'version': '1.0.0', 'state': 'primary', 'artifactRegistryDomain': 'pkg.dev'}]
2025-09-15 17:50:38,545 INFO     ___FILE_ONLY___ 
Update done!


2025-09-15 17:50:38,548 DEBUG    root            Chosen display Format:none
2025-09-15 17:50:38,548 INFO     root            Display format: "none"
